cl : command line  warning D9035: option 'Gm' has been deprecated and will be removed in a future release
  main.cpp
  ApplicationManager.cpp
D:\College\Programming\Projects\Ph2_22\phase 2\ApplicationManager.cpp(210,27): warning C4244: 'argument': conversion from 'int' to 'float', possible loss of data
D:\College\Programming\Projects\Ph2_22\phase 2\ApplicationManager.cpp(210,24): warning C4244: 'argument': conversion from 'int' to 'float', possible loss of data
D:\College\Programming\Projects\Ph2_22\phase 2\ApplicationManager.cpp(392,12): warning C4244: 'argument': conversion from 'time_t' to 'unsigned int', possible loss of data
  Output.cpp
D:\College\Programming\Projects\Ph2_22\phase 2\GUI\Output.cpp(120,60): warning C4244: 'argument': conversion from 'double' to 'const int', possible loss of data
D:\College\Programming\Projects\Ph2_22\phase 2\GUI\Output.cpp(158,61): warning C4244: 'argument': conversion from 'double' to 'const int', possible loss of data
D:\College\Programming\Projects\Ph2_22\phase 2\GUI\Output.cpp(160,60): warning C4244: 'argument': conversion from 'double' to 'const int', possible loss of data
D:\College\Programming\Projects\Ph2_22\phase 2\GUI\Output.cpp(285,15): warning C4244: 'initializing': conversion from 'double' to 'float', possible loss of data
D:\College\Programming\Projects\Ph2_22\phase 2\GUI\Output.cpp(289,15): warning C4244: '=': conversion from 'float' to 'int', possible loss of data
D:\College\Programming\Projects\Ph2_22\phase 2\GUI\Output.cpp(291,15): warning C4244: '=': conversion from 'float' to 'int', possible loss of data
D:\College\Programming\Projects\Ph2_22\phase 2\GUI\Output.cpp(295,15): warning C4244: '=': conversion from 'float' to 'int', possible loss of data
D:\College\Programming\Projects\Ph2_22\phase 2\GUI\Output.cpp(297,15): warning C4244: '=': conversion from 'float' to 'int', possible loss of data
D:\College\Programming\Projects\Ph2_22\phase 2\GUI\Output.cpp(319,13): warning C4244: 'initializing': conversion from 'double' to 'int', possible loss of data
  Input.cpp
  CTriangle.cpp
D:\College\Programming\Projects\Ph2_22\phase 2\Figures\CTriangle.cpp(34,86): warning C4244: 'argument': conversion from 'int' to 'float', possible loss of data
D:\College\Programming\Projects\Ph2_22\phase 2\Figures\CTriangle.cpp(34,75): warning C4244: 'argument': conversion from 'int' to 'float', possible loss of data
D:\College\Programming\Projects\Ph2_22\phase 2\Figures\CTriangle.cpp(34,64): warning C4244: 'argument': conversion from 'int' to 'float', possible loss of data
D:\College\Programming\Projects\Ph2_22\phase 2\Figures\CTriangle.cpp(34,53): warning C4244: 'argument': conversion from 'int' to 'float', possible loss of data
D:\College\Programming\Projects\Ph2_22\phase 2\Figures\CTriangle.cpp(34,42): warning C4244: 'argument': conversion from 'int' to 'float', possible loss of data
D:\College\Programming\Projects\Ph2_22\phase 2\Figures\CTriangle.cpp(34,31): warning C4244: 'argument': conversion from 'int' to 'float', possible loss of data
D:\College\Programming\Projects\Ph2_22\phase 2\Figures\CTriangle.cpp(35,64): warning C4244: 'argument': conversion from 'int' to 'float', possible loss of data
D:\College\Programming\Projects\Ph2_22\phase 2\Figures\CTriangle.cpp(35,53): warning C4244: 'argument': conversion from 'int' to 'float', possible loss of data
D:\College\Programming\Projects\Ph2_22\phase 2\Figures\CTriangle.cpp(35,39): warning C4244: 'argument': conversion from 'int' to 'float', possible loss of data
D:\College\Programming\Projects\Ph2_22\phase 2\Figures\CTriangle.cpp(35,28): warning C4244: 'argument': conversion from 'int' to 'float', possible loss of data
D:\College\Programming\Projects\Ph2_22\phase 2\Figures\CTriangle.cpp(36,64): warning C4244: 'argument': conversion from 'int' to 'float', possible loss of data
D:\College\Programming\Projects\Ph2_22\phase 2\Figures\CTriangle.cpp(36,53): warning C4244: 'argument': conversion from 'int' to 'float', possible loss of data
D:\College\Programming\Projects\Ph2_22\phase 2\Figures\CTriangle.cpp(36,39): warning C4244: 'argument': conversion from 'int' to 'float', possible loss of data
D:\College\Programming\Projects\Ph2_22\phase 2\Figures\CTriangle.cpp(36,28): warning C4244: 'argument': conversion from 'int' to 'float', possible loss of data
D:\College\Programming\Projects\Ph2_22\phase 2\Figures\CTriangle.cpp(37,64): warning C4244: 'argument': conversion from 'int' to 'float', possible loss of data
D:\College\Programming\Projects\Ph2_22\phase 2\Figures\CTriangle.cpp(37,53): warning C4244: 'argument': conversion from 'int' to 'float', possible loss of data
D:\College\Programming\Projects\Ph2_22\phase 2\Figures\CTriangle.cpp(37,39): warning C4244: 'argument': conversion from 'int' to 'float', possible loss of data
D:\College\Programming\Projects\Ph2_22\phase 2\Figures\CTriangle.cpp(37,28): warning C4244: 'argument': conversion from 'int' to 'float', possible loss of data
D:\College\Programming\Projects\Ph2_22\phase 2\Figures\CTriangle.cpp(99,45): warning C4244: '=': conversion from 'double' to 'int', possible loss of data
D:\College\Programming\Projects\Ph2_22\phase 2\Figures\CTriangle.cpp(100,45): warning C4244: '=': conversion from 'double' to 'int', possible loss of data
  CSquare.cpp
  AddRectAction.cpp
  CRectangle.cpp
D:\College\Programming\Projects\Ph2_22\phase 2\Figures\CRectangle.cpp(45,10): warning C4244: 'initializing': conversion from 'int' to 'float', possible loss of data
D:\College\Programming\Projects\Ph2_22\phase 2\Figures\CRectangle.cpp(46,10): warning C4244: 'initializing': conversion from 'int' to 'float', possible loss of data
D:\College\Programming\Projects\Ph2_22\phase 2\Figures\CRectangle.cpp(47,18): warning C4244: '=': conversion from 'float' to 'int', possible loss of data
D:\College\Programming\Projects\Ph2_22\phase 2\Figures\CRectangle.cpp(48,18): warning C4244: '=': conversion from 'float' to 'int', possible loss of data
D:\College\Programming\Projects\Ph2_22\phase 2\Figures\CRectangle.cpp(49,18): warning C4244: '=': conversion from 'float' to 'int', possible loss of data
D:\College\Programming\Projects\Ph2_22\phase 2\Figures\CRectangle.cpp(50,18): warning C4244: '=': conversion from 'float' to 'int', possible loss of data
D:\College\Programming\Projects\Ph2_22\phase 2\Figures\CRectangle.cpp(79,33): warning C4244: '=': conversion from 'double' to 'int', possible loss of data
D:\College\Programming\Projects\Ph2_22\phase 2\Figures\CRectangle.cpp(80,33): warning C4244: '=': conversion from 'double' to 'int', possible loss of data
  CHexagon.cpp
D:\College\Programming\Projects\Ph2_22\phase 2\Figures\CHexagon.cpp(32,13): warning C4244: 'initializing': conversion from 'double' to 'float', possible loss of data
D:\College\Programming\Projects\Ph2_22\phase 2\Figures\CHexagon.cpp(34,62): warning C4244: 'argument': conversion from 'int' to 'float', possible loss of data
D:\College\Programming\Projects\Ph2_22\phase 2\Figures\CHexagon.cpp(38,76): warning C4244: 'argument': conversion from 'int' to 'float', possible loss of data
D:\College\Programming\Projects\Ph2_22\phase 2\Figures\CHexagon.cpp(40,76): warning C4244: 'argument': conversion from 'int' to 'float', possible loss of data
D:\College\Programming\Projects\Ph2_22\phase 2\Figures\CHexagon.cpp(44,76): warning C4244: 'argument': conversion from 'int' to 'float', possible loss of data
  CFigure.cpp
D:\College\Programming\Projects\Ph2_22\phase 2\Figures\CFigure.cpp(31,12): warning C4244: 'return': conversion from 'double' to 'float', possible loss of data
  CCircle.cpp
D:\College\Programming\Projects\Ph2_22\phase 2\Figures\CCircle.cpp(31,13): warning C4244: 'initializing': conversion from 'double' to 'float', possible loss of data
D:\College\Programming\Projects\Ph2_22\phase 2\Figures\CCircle.cpp(32,12): warning C4244: '=': conversion from 'double' to 'float', possible loss of data
D:\College\Programming\Projects\Ph2_22\phase 2\Figures\CCircle.cpp(48,13): warning C4244: '=': conversion from 'float' to 'int', possible loss of data
  windowinput.cpp
  mousequeue.cpp
  keyqueue.cpp
  image.cpp
D:\College\Programming\Projects\Ph2_22\phase 2\CMUgraphicsLib\image.cpp(115,29): warning C4018: '<': signed/unsigned mismatch
  colors.cpp
  CMUgraphics.cpp
D:\College\Programming\Projects\Ph2_22\phase 2\CMUgraphicsLib\CMUgraphics.cpp(257,9): warning C4101: 'iX': unreferenced local variable
D:\College\Programming\Projects\Ph2_22\phase 2\CMUgraphicsLib\CMUgraphics.cpp(257,13): warning C4101: 'iY': unreferenced local variable
D:\College\Programming\Projects\Ph2_22\phase 2\CMUgraphicsLib\CMUgraphics.cpp(751,3): warning C4996: 'strcpy': This function or variable may be unsafe. Consider using strcpy_s instead. To disable deprecation, use _CRT_SECURE_NO_WARNINGS. See online help for details.
D:\College\Programming\Projects\Ph2_22\phase 2\CMUgraphicsLib\CMUgraphics.cpp(1164,2): warning C4996: 'sprintf': This function or variable may be unsafe. Consider using sprintf_s instead. To disable deprecation, use _CRT_SECURE_NO_WARNINGS. See online help for details.
D:\College\Programming\Projects\Ph2_22\phase 2\CMUgraphicsLib\CMUgraphics.cpp(1171,2): warning C4996: 'sprintf': This function or variable may be unsafe. Consider using sprintf_s instead. To disable deprecation, use _CRT_SECURE_NO_WARNINGS. See online help for details.
D:\College\Programming\Projects\Ph2_22\phase 2\CMUgraphicsLib\CMUgraphics.cpp(1202,2): warning C4996: 'sprintf': This function or variable may be unsafe. Consider using sprintf_s instead. To disable deprecation, use _CRT_SECURE_NO_WARNINGS. See online help for details.
D:\College\Programming\Projects\Ph2_22\phase 2\CMUgraphicsLib\CMUgraphics.cpp(1210,2): warning C4996: 'sprintf': This function or variable may be unsafe. Consider using sprintf_s instead. To disable deprecation, use _CRT_SECURE_NO_WARNINGS. See online help for details.
D:\College\Programming\Projects\Ph2_22\phase 2\CMUgraphicsLib\CMUgraphics.cpp(1357,23): warning C4018: '>': signed/unsigned mismatch
  auxil.cpp
  UndoAction.cpp
  StopRec.cpp
  Generating Code...
D:\College\Programming\Projects\Ph2_22\phase 2\Figures\CFigure.cpp(51): warning C4715: 'CFigure::StrToClr': not all control paths return a value
D:\College\Programming\Projects\Ph2_22\phase 2\Figures\CFigure.cpp(80): warning C4715: 'CFigure::ClrToStr': not all control paths return a value
D:\College\Programming\Projects\Ph2_22\phase 2\ApplicationManager.cpp(286): warning C4715: 'ApplicationManager::ClrToStr': not all control paths return a value
D:\College\Programming\Projects\Ph2_22\phase 2\ApplicationManager.cpp(302): warning C4715: 'ApplicationManager::StrToClr': not all control paths return a value
D:\College\Programming\Projects\Ph2_22\phase 2\ApplicationManager.cpp(607): warning C4715: 'ApplicationManager::TypeToStr': not all control paths return a value
  Compiling...
  StartRec.cpp
  Sound.cpp
  Select.cpp
  Save.cpp
  RedoAction.cpp
  PlayRec.cpp
  PlayMode.cpp
  PickColor.cpp
  PickByFillColor.cpp
  PickByFigType.cpp
D:\College\Programming\Projects\Ph2_22\phase 2\Actions\PickByFigType.cpp(50,13): warning C4244: 'argument': conversion from 'time_t' to 'unsigned int', possible loss of data
  PickByBoth.cpp
  Move.cpp
  Load.cpp
  Exit.cpp
  DrawMode.cpp
  Delete.cpp
  ClearAll.cpp
  ChngFillColor.cpp
  ChngDrawColor.cpp
  AddHexAction.cpp
  Generating Code...
  Compiling...
  AddTriaAction.cpp
  AddSquAction.cpp
  AddCirAction.cpp
  Generating Code...
cl : command line  warning D9035: option 'Gm' has been deprecated and will be removed in a future release
  jutils.c
  jquant2.c
  jquant1.c
  jmemnobs.c
  jmemmgr.c
D:\College\Programming\Projects\Ph2_22\phase 2\CMUgraphicsLib\jpeg\jmemmgr.c(1103,19): warning C4996: 'getenv': This function or variable may be unsafe. Consider using _dupenv_s instead. To disable deprecation, use _CRT_SECURE_NO_WARNINGS. See online help for details.
D:\College\Programming\Projects\Ph2_22\phase 2\CMUgraphicsLib\jpeg\jmemmgr.c(1106,11): warning C4996: 'sscanf': This function or variable may be unsafe. Consider using sscanf_s instead. To disable deprecation, use _CRT_SECURE_NO_WARNINGS. See online help for details.
  jidctred.c
  jidctint.c
  jidctfst.c
  jidctflt.c
  jerror.c
D:\College\Programming\Projects\Ph2_22\phase 2\CMUgraphicsLib\jpeg\jerror.c(169,5): warning C4996: 'sprintf': This function or variable may be unsafe. Consider using sprintf_s instead. To disable deprecation, use _CRT_SECURE_NO_WARNINGS. See online help for details.
D:\College\Programming\Projects\Ph2_22\phase 2\CMUgraphicsLib\jpeg\jerror.c(171,5): warning C4996: 'sprintf': This function or variable may be unsafe. Consider using sprintf_s instead. To disable deprecation, use _CRT_SECURE_NO_WARNINGS. See online help for details.
  jdtrans.c
  jdsample.c
  jdpostct.c
  jdphuff.c
  jdmerge.c
  jdmaster.c
  jdmarker.c
  jdmainct.c
  jdinput.c
  jdhuff.c
  Generating Code...
  Compiling...
  jddctmgr.c
  jdcolor.c
  jdcoefct.c
  jdatasrc.c
  jdapistd.c
  jdapimin.c
  jcparam.c
  jcomapi.c
  jpegload.c
D:\College\Programming\Projects\Ph2_22\phase 2\CMUgraphicsLib\jpegload.c(23,12): warning C4996: 'fopen': This function or variable may be unsafe. Consider using fopen_s instead. To disable deprecation, use _CRT_SECURE_NO_WARNINGS. See online help for details.
  Generating Code...
AddCirAction.obj : warning LNK4075: ignoring '/EDITANDCONTINUE' due to '/SAFESEH' specification
  PT-Project.vcxproj -> D:\College\Programming\Projects\Ph2_22\phase 2\Debug\PT Project.exe
